2018-12-10 16:53:06.141  INFO 4016 --- [main] ringBootConceptAndUtilizationApplication : Starting SpringBootConceptAndUtilizationApplication on DESKTOP-EI79USO with PID 4016 (C:\document\github\spring-boot-concept-and-utilization\out\production\classes started by njkim in C:\document\github\spring-boot-concept-and-utilization)
2018-12-10 16:53:06.148  INFO 4016 --- [main] ringBootConceptAndUtilizationApplication : The following profiles are active: prod
2018-12-10 16:53:08.784  INFO 4016 --- [main] o.s.b.w.embedded.tomcat.TomcatWebServer  : Tomcat initialized with port(s): 8080 (http)
2018-12-10 16:53:08.816  INFO 4016 --- [main] o.apache.catalina.core.StandardService   : Starting service [Tomcat]
2018-12-10 16:53:08.817  INFO 4016 --- [main] org.apache.catalina.core.StandardEngine  : Starting Servlet Engine: Apache Tomcat/9.0.12
2018-12-10 16:53:08.831  INFO 4016 --- [main] o.a.catalina.core.AprLifecycleListener   : The APR based Apache Tomcat Native library which allows optimal performance in production environments was not found on the java.library.path: [C:\development\Java\jdk1.8.0_181\bin;C:\WINDOWS\Sun\Java\bin;C:\WINDOWS\system32;C:\WINDOWS;C:\development\Ruby24-x64\bin;C:\Program Files (x86)\Common Files\Oracle\Java\javapath;C:\WINDOWS\system32;C:\WINDOWS;C:\WINDOWS\System32\Wbem;C:\WINDOWS\System32\WindowsPowerShell\v1.0\;C:\WINDOWS\System32\OpenSSH\;C:\development\Git\cmd;C:\development\Java\jdk1.8.0_181\bin;C:\development\gradle\bin;C:\util\PuTTY\;C:\development\mysql\bin;C:\development\redis\;C:\development\nvm;C:\development\nodejs;C:\Users\njkim\AppData\Local\Programs\Python\Python36\Scripts\;C:\Users\njkim\AppData\Local\Programs\Python\Python36\;C:\development\Ruby24-x64\bin;C:\Users\njkim\AppData\Local\Microsoft\WindowsApps;C:\Users\njkim\AppData\Roaming\npm;C:\development\nvm;C:\development\nodejs;C:\application\Fiddler;C:\application\Microsoft VS Code\bin;.]
2018-12-10 16:53:09.065  INFO 4016 --- [main] o.a.c.c.C.[Tomcat].[localhost].[/]       : Initializing Spring embedded WebApplicationContext
2018-12-10 16:53:09.066  INFO 4016 --- [main] o.s.web.context.ContextLoader            : Root WebApplicationContext: initialization completed in 2634 ms
2018-12-10 16:53:09.111  INFO 4016 --- [main] o.s.b.w.servlet.ServletRegistrationBean  : Servlet dispatcherServlet mapped to [/]
2018-12-10 16:53:09.118  INFO 4016 --- [main] o.s.b.w.servlet.FilterRegistrationBean   : Mapping filter: 'characterEncodingFilter' to: [/*]
2018-12-10 16:53:09.118  INFO 4016 --- [main] o.s.b.w.servlet.FilterRegistrationBean   : Mapping filter: 'hiddenHttpMethodFilter' to: [/*]
2018-12-10 16:53:09.118  INFO 4016 --- [main] o.s.b.w.servlet.FilterRegistrationBean   : Mapping filter: 'formContentFilter' to: [/*]
2018-12-10 16:53:09.118  INFO 4016 --- [main] o.s.b.w.servlet.FilterRegistrationBean   : Mapping filter: 'requestContextFilter' to: [/*]
2018-12-10 16:53:09.783  INFO 4016 --- [main] o.s.s.concurrent.ThreadPoolTaskExecutor  : Initializing ExecutorService 'applicationTaskExecutor'
2018-12-10 16:53:10.071  INFO 4016 --- [main] o.s.b.w.embedded.tomcat.TomcatWebServer  : Tomcat started on port(s): 8080 (http) with context path ''
2018-12-10 16:53:10.077  INFO 4016 --- [main] ringBootConceptAndUtilizationApplication : Started SpringBootConceptAndUtilizationApplication in 5.025 seconds (JVM running for 5.743)
2018-12-10 16:53:26.637  INFO 21036 --- [main] ringBootConceptAndUtilizationApplication : Starting SpringBootConceptAndUtilizationApplication on DESKTOP-EI79USO with PID 21036 (C:\document\github\spring-boot-concept-and-utilization\out\production\classes started by njkim in C:\document\github\spring-boot-concept-and-utilization)
2018-12-10 16:53:26.647 DEBUG 21036 --- [main] ringBootConceptAndUtilizationApplication : Running with Spring Boot v2.1.0.RELEASE, Spring v5.1.2.RELEASE
2018-12-10 16:53:26.650  INFO 21036 --- [main] ringBootConceptAndUtilizationApplication : The following profiles are active: prod
2018-12-10 16:53:30.407  INFO 21036 --- [main] o.s.b.w.embedded.tomcat.TomcatWebServer  : Tomcat initialized with port(s): 8080 (http)
2018-12-10 16:53:30.442  INFO 21036 --- [main] o.apache.catalina.core.StandardService   : Starting service [Tomcat]
2018-12-10 16:53:30.443  INFO 21036 --- [main] org.apache.catalina.core.StandardEngine  : Starting Servlet Engine: Apache Tomcat/9.0.12
2018-12-10 16:53:30.459  INFO 21036 --- [main] o.a.catalina.core.AprLifecycleListener   : The APR based Apache Tomcat Native library which allows optimal performance in production environments was not found on the java.library.path: [C:\development\Java\jdk1.8.0_181\bin;C:\WINDOWS\Sun\Java\bin;C:\WINDOWS\system32;C:\WINDOWS;C:\development\Ruby24-x64\bin;C:\Program Files (x86)\Common Files\Oracle\Java\javapath;C:\WINDOWS\system32;C:\WINDOWS;C:\WINDOWS\System32\Wbem;C:\WINDOWS\System32\WindowsPowerShell\v1.0\;C:\WINDOWS\System32\OpenSSH\;C:\development\Git\cmd;C:\development\Java\jdk1.8.0_181\bin;C:\development\gradle\bin;C:\util\PuTTY\;C:\development\mysql\bin;C:\development\redis\;C:\development\nvm;C:\development\nodejs;C:\Users\njkim\AppData\Local\Programs\Python\Python36\Scripts\;C:\Users\njkim\AppData\Local\Programs\Python\Python36\;C:\development\Ruby24-x64\bin;C:\Users\njkim\AppData\Local\Microsoft\WindowsApps;C:\Users\njkim\AppData\Roaming\npm;C:\development\nvm;C:\development\nodejs;C:\application\Fiddler;C:\application\Microsoft VS Code\bin;.]
2018-12-10 16:53:30.800  INFO 21036 --- [main] o.a.c.c.C.[Tomcat].[localhost].[/]       : Initializing Spring embedded WebApplicationContext
2018-12-10 16:53:30.834  INFO 21036 --- [main] o.s.web.context.ContextLoader            : Root WebApplicationContext: initialization completed in 3900 ms
2018-12-10 16:53:30.916  INFO 21036 --- [main] o.s.b.w.servlet.ServletRegistrationBean  : Servlet dispatcherServlet mapped to [/]
2018-12-10 16:53:30.930  INFO 21036 --- [main] o.s.b.w.servlet.FilterRegistrationBean   : Mapping filter: 'characterEncodingFilter' to: [/*]
2018-12-10 16:53:30.930  INFO 21036 --- [main] o.s.b.w.servlet.FilterRegistrationBean   : Mapping filter: 'hiddenHttpMethodFilter' to: [/*]
2018-12-10 16:53:30.934  INFO 21036 --- [main] o.s.b.w.servlet.FilterRegistrationBean   : Mapping filter: 'formContentFilter' to: [/*]
2018-12-10 16:53:30.938  INFO 21036 --- [main] o.s.b.w.servlet.FilterRegistrationBean   : Mapping filter: 'requestContextFilter' to: [/*]
2018-12-10 16:53:31.904  INFO 21036 --- [main] o.s.s.concurrent.ThreadPoolTaskExecutor  : Initializing ExecutorService 'applicationTaskExecutor'
2018-12-10 16:53:32.511 ERROR 21036 --- [main] org.apache.catalina.util.LifecycleBase   : Failed to start component [Connector[HTTP/1.1-8080]]

org.apache.catalina.LifecycleException: Protocol handler start failed
	at org.apache.catalina.connector.Connector.startInternal(Connector.java:960)
	at org.apache.catalina.util.LifecycleBase.start(LifecycleBase.java:183)
	at org.apache.catalina.core.StandardService.addConnector(StandardService.java:225)
	at org.springframework.boot.web.embedded.tomcat.TomcatWebServer.addPreviouslyRemovedConnectors(TomcatWebServer.java:259)
	at org.springframework.boot.web.embedded.tomcat.TomcatWebServer.start(TomcatWebServer.java:197)
	at org.springframework.boot.web.servlet.context.ServletWebServerApplicationContext.startWebServer(ServletWebServerApplicationContext.java:300)
	at org.springframework.boot.web.servlet.context.ServletWebServerApplicationContext.finishRefresh(ServletWebServerApplicationContext.java:162)
	at org.springframework.context.support.AbstractApplicationContext.refresh(AbstractApplicationContext.java:549)
	at org.springframework.boot.web.servlet.context.ServletWebServerApplicationContext.refresh(ServletWebServerApplicationContext.java:140)
	at org.springframework.boot.SpringApplication.refresh(SpringApplication.java:775)
	at org.springframework.boot.SpringApplication.refreshContext(SpringApplication.java:397)
	at org.springframework.boot.SpringApplication.run(SpringApplication.java:316)
	at org.springframework.boot.SpringApplication.run(SpringApplication.java:1260)
	at org.springframework.boot.SpringApplication.run(SpringApplication.java:1248)
	at io.namjune.springbootconceptandutilization.SpringBootConceptAndUtilizationApplication.main(SpringBootConceptAndUtilizationApplication.java:20)
Caused by: java.net.BindException: Address already in use: bind
	at sun.nio.ch.Net.bind0(Native Method)
	at sun.nio.ch.Net.bind(Net.java:433)
	at sun.nio.ch.Net.bind(Net.java:425)
	at sun.nio.ch.ServerSocketChannelImpl.bind(ServerSocketChannelImpl.java:223)
	at sun.nio.ch.ServerSocketAdaptor.bind(ServerSocketAdaptor.java:74)
	at org.apache.tomcat.util.net.NioEndpoint.initServerSocket(NioEndpoint.java:236)
	at org.apache.tomcat.util.net.NioEndpoint.bind(NioEndpoint.java:210)
	at org.apache.tomcat.util.net.AbstractEndpoint.start(AbstractEndpoint.java:1108)
	at org.apache.coyote.AbstractProtocol.start(AbstractProtocol.java:550)
	at org.apache.catalina.connector.Connector.startInternal(Connector.java:957)
	... 14 common frames omitted

2018-12-10 16:53:32.538  INFO 21036 --- [main] o.apache.catalina.core.StandardService   : Stopping service [Tomcat]
2018-12-10 16:53:32.560  INFO 21036 --- [main] ConditionEvaluationReportLoggingListener : 

Error starting ApplicationContext. To display the conditions report re-run your application with 'debug' enabled.
2018-12-10 16:53:32.572 ERROR 21036 --- [main] o.s.b.d.LoggingFailureAnalysisReporter   : 

***************************
APPLICATION FAILED TO START
***************************

Description:

The Tomcat connector configured to listen on port 8080 failed to start. The port may already be in use or the connector may be misconfigured.

Action:

Verify the connector's configuration, identify and stop any process that's listening on port 8080, or configure this application to listen on another port.

2018-12-10 16:53:32.582  INFO 21036 --- [main] o.s.s.concurrent.ThreadPoolTaskExecutor  : Shutting down ExecutorService 'applicationTaskExecutor'
2018-12-10 16:54:02.952  INFO 15076 --- [main] ringBootConceptAndUtilizationApplication : Starting SpringBootConceptAndUtilizationApplication on DESKTOP-EI79USO with PID 15076 (C:\document\github\spring-boot-concept-and-utilization\out\production\classes started by njkim in C:\document\github\spring-boot-concept-and-utilization)
2018-12-10 16:54:02.957 DEBUG 15076 --- [main] ringBootConceptAndUtilizationApplication : Running with Spring Boot v2.1.0.RELEASE, Spring v5.1.2.RELEASE
2018-12-10 16:54:02.960  INFO 15076 --- [main] ringBootConceptAndUtilizationApplication : The following profiles are active: prod
2018-12-10 16:54:05.247  INFO 15076 --- [main] o.s.b.w.embedded.tomcat.TomcatWebServer  : Tomcat initialized with port(s): 0 (http)
2018-12-10 16:54:05.273  INFO 15076 --- [main] o.apache.catalina.core.StandardService   : Starting service [Tomcat]
2018-12-10 16:54:05.273  INFO 15076 --- [main] org.apache.catalina.core.StandardEngine  : Starting Servlet Engine: Apache Tomcat/9.0.12
2018-12-10 16:54:05.285  INFO 15076 --- [main] o.a.catalina.core.AprLifecycleListener   : The APR based Apache Tomcat Native library which allows optimal performance in production environments was not found on the java.library.path: [C:\development\Java\jdk1.8.0_181\bin;C:\WINDOWS\Sun\Java\bin;C:\WINDOWS\system32;C:\WINDOWS;C:\development\Ruby24-x64\bin;C:\Program Files (x86)\Common Files\Oracle\Java\javapath;C:\WINDOWS\system32;C:\WINDOWS;C:\WINDOWS\System32\Wbem;C:\WINDOWS\System32\WindowsPowerShell\v1.0\;C:\WINDOWS\System32\OpenSSH\;C:\development\Git\cmd;C:\development\Java\jdk1.8.0_181\bin;C:\development\gradle\bin;C:\util\PuTTY\;C:\development\mysql\bin;C:\development\redis\;C:\development\nvm;C:\development\nodejs;C:\Users\njkim\AppData\Local\Programs\Python\Python36\Scripts\;C:\Users\njkim\AppData\Local\Programs\Python\Python36\;C:\development\Ruby24-x64\bin;C:\Users\njkim\AppData\Local\Microsoft\WindowsApps;C:\Users\njkim\AppData\Roaming\npm;C:\development\nvm;C:\development\nodejs;C:\application\Fiddler;C:\application\Microsoft VS Code\bin;.]
2018-12-10 16:54:05.467  INFO 15076 --- [main] o.a.c.c.C.[Tomcat].[localhost].[/]       : Initializing Spring embedded WebApplicationContext
2018-12-10 16:54:05.468  INFO 15076 --- [main] o.s.web.context.ContextLoader            : Root WebApplicationContext: initialization completed in 2224 ms
2018-12-10 16:54:05.508  INFO 15076 --- [main] o.s.b.w.servlet.ServletRegistrationBean  : Servlet dispatcherServlet mapped to [/]
2018-12-10 16:54:05.514  INFO 15076 --- [main] o.s.b.w.servlet.FilterRegistrationBean   : Mapping filter: 'characterEncodingFilter' to: [/*]
2018-12-10 16:54:05.515  INFO 15076 --- [main] o.s.b.w.servlet.FilterRegistrationBean   : Mapping filter: 'hiddenHttpMethodFilter' to: [/*]
2018-12-10 16:54:05.515  INFO 15076 --- [main] o.s.b.w.servlet.FilterRegistrationBean   : Mapping filter: 'formContentFilter' to: [/*]
2018-12-10 16:54:05.515  INFO 15076 --- [main] o.s.b.w.servlet.FilterRegistrationBean   : Mapping filter: 'requestContextFilter' to: [/*]
2018-12-10 16:54:06.033  INFO 15076 --- [main] o.s.s.concurrent.ThreadPoolTaskExecutor  : Initializing ExecutorService 'applicationTaskExecutor'
2018-12-10 16:54:06.313  INFO 15076 --- [main] o.s.b.w.embedded.tomcat.TomcatWebServer  : Tomcat started on port(s): 13527 (http) with context path ''
2018-12-10 16:54:06.317  INFO 15076 --- [main] ringBootConceptAndUtilizationApplication : Started SpringBootConceptAndUtilizationApplication in 4.635 seconds (JVM running for 5.569)
2018-12-10 16:54:06.321 DEBUG 15076 --- [main] i.n.s.SampleRunner                       : ==========================
2018-12-10 16:54:06.321 DEBUG 15076 --- [main] i.n.s.SampleRunner                       : hello
2018-12-10 16:54:06.343 DEBUG 15076 --- [main] i.n.s.SampleRunner                       : name: namjune prod
2018-12-10 16:54:06.343 DEBUG 15076 --- [main] i.n.s.SampleRunner                       : ==========================
2018-12-10 16:55:08.901  INFO 3056 --- [main] ringBootConceptAndUtilizationApplication : Starting SpringBootConceptAndUtilizationApplication on DESKTOP-EI79USO with PID 3056 (C:\document\github\spring-boot-concept-and-utilization\out\production\classes started by njkim in C:\document\github\spring-boot-concept-and-utilization)
2018-12-10 16:55:08.912 DEBUG 3056 --- [main] ringBootConceptAndUtilizationApplication : Running with Spring Boot v2.1.0.RELEASE, Spring v5.1.2.RELEASE
2018-12-10 16:55:08.915  INFO 3056 --- [main] ringBootConceptAndUtilizationApplication : The following profiles are active: prod
2018-12-10 16:55:11.312  INFO 3056 --- [main] o.s.b.w.embedded.tomcat.TomcatWebServer  : Tomcat initialized with port(s): 0 (http)
2018-12-10 16:55:11.338  INFO 3056 --- [main] o.apache.catalina.core.StandardService   : Starting service [Tomcat]
2018-12-10 16:55:11.338  INFO 3056 --- [main] org.apache.catalina.core.StandardEngine  : Starting Servlet Engine: Apache Tomcat/9.0.12
2018-12-10 16:55:11.352  INFO 3056 --- [main] o.a.catalina.core.AprLifecycleListener   : The APR based Apache Tomcat Native library which allows optimal performance in production environments was not found on the java.library.path: [C:\development\Java\jdk1.8.0_181\bin;C:\WINDOWS\Sun\Java\bin;C:\WINDOWS\system32;C:\WINDOWS;C:\development\Ruby24-x64\bin;C:\Program Files (x86)\Common Files\Oracle\Java\javapath;C:\WINDOWS\system32;C:\WINDOWS;C:\WINDOWS\System32\Wbem;C:\WINDOWS\System32\WindowsPowerShell\v1.0\;C:\WINDOWS\System32\OpenSSH\;C:\development\Git\cmd;C:\development\Java\jdk1.8.0_181\bin;C:\development\gradle\bin;C:\util\PuTTY\;C:\development\mysql\bin;C:\development\redis\;C:\development\nvm;C:\development\nodejs;C:\Users\njkim\AppData\Local\Programs\Python\Python36\Scripts\;C:\Users\njkim\AppData\Local\Programs\Python\Python36\;C:\development\Ruby24-x64\bin;C:\Users\njkim\AppData\Local\Microsoft\WindowsApps;C:\Users\njkim\AppData\Roaming\npm;C:\development\nvm;C:\development\nodejs;C:\application\Fiddler;C:\application\Microsoft VS Code\bin;.]
2018-12-10 16:55:11.543  INFO 3056 --- [main] o.a.c.c.C.[Tomcat].[localhost].[/]       : Initializing Spring embedded WebApplicationContext
2018-12-10 16:55:11.544  INFO 3056 --- [main] o.s.web.context.ContextLoader            : Root WebApplicationContext: initialization completed in 2434 ms
2018-12-10 16:55:11.584  INFO 3056 --- [main] o.s.b.w.servlet.ServletRegistrationBean  : Servlet dispatcherServlet mapped to [/]
2018-12-10 16:55:11.590  INFO 3056 --- [main] o.s.b.w.servlet.FilterRegistrationBean   : Mapping filter: 'characterEncodingFilter' to: [/*]
2018-12-10 16:55:11.591  INFO 3056 --- [main] o.s.b.w.servlet.FilterRegistrationBean   : Mapping filter: 'hiddenHttpMethodFilter' to: [/*]
2018-12-10 16:55:11.592  INFO 3056 --- [main] o.s.b.w.servlet.FilterRegistrationBean   : Mapping filter: 'formContentFilter' to: [/*]
2018-12-10 16:55:11.592  INFO 3056 --- [main] o.s.b.w.servlet.FilterRegistrationBean   : Mapping filter: 'requestContextFilter' to: [/*]
2018-12-10 16:55:12.131  INFO 3056 --- [main] o.s.s.concurrent.ThreadPoolTaskExecutor  : Initializing ExecutorService 'applicationTaskExecutor'
2018-12-10 16:55:12.398  INFO 3056 --- [main] o.s.b.w.embedded.tomcat.TomcatWebServer  : Tomcat started on port(s): 13666 (http) with context path ''
2018-12-10 16:55:12.403  INFO 3056 --- [main] ringBootConceptAndUtilizationApplication : Started SpringBootConceptAndUtilizationApplication in 4.377 seconds (JVM running for 5.091)
2018-12-10 16:55:12.405 DEBUG 3056 --- [main] i.n.s.SampleRunner                       : ==========================
2018-12-10 16:55:12.405 DEBUG 3056 --- [main] i.n.s.SampleRunner                       : hello
2018-12-10 16:55:12.419 DEBUG 3056 --- [main] i.n.s.SampleRunner                       : name: namjune prod
2018-12-10 16:55:12.420 DEBUG 3056 --- [main] i.n.s.SampleRunner                       : ==========================
2018-12-10 16:55:26.434  INFO 19340 --- [main] ringBootConceptAndUtilizationApplication : Starting SpringBootConceptAndUtilizationApplication on DESKTOP-EI79USO with PID 19340 (C:\document\github\spring-boot-concept-and-utilization\out\production\classes started by njkim in C:\document\github\spring-boot-concept-and-utilization)
2018-12-10 16:55:26.438 DEBUG 19340 --- [main] ringBootConceptAndUtilizationApplication : Running with Spring Boot v2.1.0.RELEASE, Spring v5.1.2.RELEASE
2018-12-10 16:55:26.441  INFO 19340 --- [main] ringBootConceptAndUtilizationApplication : The following profiles are active: test
2018-12-10 16:55:28.748  INFO 19340 --- [main] o.s.b.w.embedded.tomcat.TomcatWebServer  : Tomcat initialized with port(s): 0 (http)
2018-12-10 16:55:28.786  INFO 19340 --- [main] o.apache.catalina.core.StandardService   : Starting service [Tomcat]
2018-12-10 16:55:28.786  INFO 19340 --- [main] org.apache.catalina.core.StandardEngine  : Starting Servlet Engine: Apache Tomcat/9.0.12
2018-12-10 16:55:28.801  INFO 19340 --- [main] o.a.catalina.core.AprLifecycleListener   : The APR based Apache Tomcat Native library which allows optimal performance in production environments was not found on the java.library.path: [C:\development\Java\jdk1.8.0_181\bin;C:\WINDOWS\Sun\Java\bin;C:\WINDOWS\system32;C:\WINDOWS;C:\development\Ruby24-x64\bin;C:\Program Files (x86)\Common Files\Oracle\Java\javapath;C:\WINDOWS\system32;C:\WINDOWS;C:\WINDOWS\System32\Wbem;C:\WINDOWS\System32\WindowsPowerShell\v1.0\;C:\WINDOWS\System32\OpenSSH\;C:\development\Git\cmd;C:\development\Java\jdk1.8.0_181\bin;C:\development\gradle\bin;C:\util\PuTTY\;C:\development\mysql\bin;C:\development\redis\;C:\development\nvm;C:\development\nodejs;C:\Users\njkim\AppData\Local\Programs\Python\Python36\Scripts\;C:\Users\njkim\AppData\Local\Programs\Python\Python36\;C:\development\Ruby24-x64\bin;C:\Users\njkim\AppData\Local\Microsoft\WindowsApps;C:\Users\njkim\AppData\Roaming\npm;C:\development\nvm;C:\development\nodejs;C:\application\Fiddler;C:\application\Microsoft VS Code\bin;.]
2018-12-10 16:55:29.435  INFO 19340 --- [main] o.a.c.c.C.[Tomcat].[localhost].[/]       : Initializing Spring embedded WebApplicationContext
2018-12-10 16:55:29.437  INFO 19340 --- [main] o.s.web.context.ContextLoader            : Root WebApplicationContext: initialization completed in 2847 ms
2018-12-10 16:55:29.485  INFO 19340 --- [main] o.s.b.w.servlet.ServletRegistrationBean  : Servlet dispatcherServlet mapped to [/]
2018-12-10 16:55:29.502  INFO 19340 --- [main] o.s.b.w.servlet.FilterRegistrationBean   : Mapping filter: 'characterEncodingFilter' to: [/*]
2018-12-10 16:55:29.503  INFO 19340 --- [main] o.s.b.w.servlet.FilterRegistrationBean   : Mapping filter: 'hiddenHttpMethodFilter' to: [/*]
2018-12-10 16:55:29.512  INFO 19340 --- [main] o.s.b.w.servlet.FilterRegistrationBean   : Mapping filter: 'formContentFilter' to: [/*]
2018-12-10 16:55:29.512  INFO 19340 --- [main] o.s.b.w.servlet.FilterRegistrationBean   : Mapping filter: 'requestContextFilter' to: [/*]
2018-12-10 16:55:30.042  INFO 19340 --- [main] o.s.s.concurrent.ThreadPoolTaskExecutor  : Initializing ExecutorService 'applicationTaskExecutor'
2018-12-10 16:55:30.282  INFO 19340 --- [main] o.s.b.w.embedded.tomcat.TomcatWebServer  : Tomcat started on port(s): 13721 (http) with context path ''
2018-12-10 16:55:30.287  INFO 19340 --- [main] ringBootConceptAndUtilizationApplication : Started SpringBootConceptAndUtilizationApplication in 4.9 seconds (JVM running for 5.606)
2018-12-10 16:55:30.289 DEBUG 19340 --- [main] i.n.s.SampleRunner                       : ==========================
2018-12-10 16:55:30.289 DEBUG 19340 --- [main] i.n.s.SampleRunner                       : hello test
2018-12-10 16:55:30.302 DEBUG 19340 --- [main] i.n.s.SampleRunner                       : name: namjune test
2018-12-10 16:55:30.303 DEBUG 19340 --- [main] i.n.s.SampleRunner                       : ==========================
2018-12-10 17:02:57.050  INFO 2776 --- [main] ringBootConceptAndUtilizationApplication : Starting SpringBootConceptAndUtilizationApplication on DESKTOP-EI79USO with PID 2776 (C:\document\github\spring-boot-concept-and-utilization\out\production\classes started by njkim in C:\document\github\spring-boot-concept-and-utilization)
2018-12-10 17:02:57.066 DEBUG 2776 --- [main] ringBootConceptAndUtilizationApplication : Running with Spring Boot v2.1.0.RELEASE, Spring v5.1.2.RELEASE
2018-12-10 17:02:57.066  INFO 2776 --- [main] ringBootConceptAndUtilizationApplication : The following profiles are active: test
2018-12-10 17:02:59.072  INFO 2776 --- [main] o.s.b.w.e.t.TomcatWebServer              : Tomcat initialized with port(s): 0 (http)
2018-12-10 17:02:59.124  INFO 2776 --- [main] o.a.c.c.StandardService                  : Starting service [Tomcat]
2018-12-10 17:02:59.125  INFO 2776 --- [main] o.a.c.c.StandardEngine                   : Starting Servlet Engine: Apache Tomcat/9.0.12
2018-12-10 17:02:59.143  INFO 2776 --- [main] o.a.c.c.AprLifecycleListener             : The APR based Apache Tomcat Native library which allows optimal performance in production environments was not found on the java.library.path: [C:\development\Java\jdk1.8.0_181\bin;C:\WINDOWS\Sun\Java\bin;C:\WINDOWS\system32;C:\WINDOWS;C:\development\Ruby24-x64\bin;C:\Program Files (x86)\Common Files\Oracle\Java\javapath;C:\WINDOWS\system32;C:\WINDOWS;C:\WINDOWS\System32\Wbem;C:\WINDOWS\System32\WindowsPowerShell\v1.0\;C:\WINDOWS\System32\OpenSSH\;C:\development\Git\cmd;C:\development\Java\jdk1.8.0_181\bin;C:\development\gradle\bin;C:\util\PuTTY\;C:\development\mysql\bin;C:\development\redis\;C:\development\nvm;C:\development\nodejs;C:\Users\njkim\AppData\Local\Programs\Python\Python36\Scripts\;C:\Users\njkim\AppData\Local\Programs\Python\Python36\;C:\development\Ruby24-x64\bin;C:\Users\njkim\AppData\Local\Microsoft\WindowsApps;C:\Users\njkim\AppData\Roaming\npm;C:\development\nvm;C:\development\nodejs;C:\application\Fiddler;C:\application\Microsoft VS Code\bin;.]
2018-12-10 17:02:59.668  INFO 2776 --- [main] o.a.c.c.C.[.[.[/]                        : Initializing Spring embedded WebApplicationContext
2018-12-10 17:02:59.668  INFO 2776 --- [main] o.s.w.c.ContextLoader                    : Root WebApplicationContext: initialization completed in 2510 ms
2018-12-10 17:02:59.755  INFO 2776 --- [main] o.s.b.w.s.ServletRegistrationBean        : Servlet dispatcherServlet mapped to [/]
2018-12-10 17:02:59.760  INFO 2776 --- [main] o.s.b.w.s.FilterRegistrationBean         : Mapping filter: 'characterEncodingFilter' to: [/*]
2018-12-10 17:02:59.761  INFO 2776 --- [main] o.s.b.w.s.FilterRegistrationBean         : Mapping filter: 'hiddenHttpMethodFilter' to: [/*]
2018-12-10 17:02:59.761  INFO 2776 --- [main] o.s.b.w.s.FilterRegistrationBean         : Mapping filter: 'formContentFilter' to: [/*]
2018-12-10 17:02:59.761  INFO 2776 --- [main] o.s.b.w.s.FilterRegistrationBean         : Mapping filter: 'requestContextFilter' to: [/*]
2018-12-10 17:03:00.527  INFO 2776 --- [main] o.s.s.c.ThreadPoolTaskExecutor           : Initializing ExecutorService 'applicationTaskExecutor'
2018-12-10 17:03:00.797  INFO 2776 --- [main] o.s.b.w.e.t.TomcatWebServer              : Tomcat started on port(s): 14673 (http) with context path ''
2018-12-10 17:03:00.801  INFO 2776 --- [main] ringBootConceptAndUtilizationApplication : Started SpringBootConceptAndUtilizationApplication in 4.793 seconds (JVM running for 5.871)
2018-12-10 17:03:00.802 DEBUG 2776 --- [main] i.n.s.SampleRunner                       : ==========================
2018-12-10 17:03:00.803 DEBUG 2776 --- [main] i.n.s.SampleRunner                       : hello test
2018-12-10 17:03:00.816 DEBUG 2776 --- [main] i.n.s.SampleRunner                       : name: namjune test
2018-12-10 17:03:00.816 DEBUG 2776 --- [main] i.n.s.SampleRunner                       : ==========================
